Using pre-set license

 COMMAND LINE ARGUMENTS:
/Applications/Unity/Hub/Editor/2020.3.13f1/Unity.app/Contents/MacOS/Unity
-adb2
-batchMode
-noUpm
-name
AssetImportWorker0
-projectPath
/Users/giorgos.petkakis/Documents/GitHub/pacman-unity
-logFile
Logs/AssetImportWorker0.log
-srvPort
56357
Successfully changed project path to: /Users/giorgos.petkakis/Documents/GitHub/pacman-unity
/Users/giorgos.petkakis/Documents/GitHub/pacman-unity
Using Asset Import Pipeline V2.
Refreshing native plugins compatible for Editor in 193.11 ms, found 3 plugins.
Preloading 0 native plugins for Editor in 0.00 ms.
Initialize engine version: 2020.3.13f1 (71691879b7f5)
[Subsystems] Discovering subsystems at path /Applications/Unity/Hub/Editor/2020.3.13f1/Unity.app/Contents/Resources/UnitySubsystems
[Subsystems] Discovering subsystems at path /Users/giorgos.petkakis/Documents/GitHub/pacman-unity/Assets
GfxDevice: creating device client; threaded=0
2021-07-06 15:26:57.314 Unity[13507:384248] Color LCD preferred device: Intel(R) UHD Graphics 630 (low power)
2021-07-06 15:26:57.314 Unity[13507:384248] Metal devices available: 2
2021-07-06 15:26:57.314 Unity[13507:384248] 0: AMD Radeon Pro Vega 20 (high power)
2021-07-06 15:26:57.314 Unity[13507:384248] 1: Intel(R) UHD Graphics 630 (low power)
2021-07-06 15:26:57.317 Unity[13507:384248] Using device AMD Radeon Pro Vega 20 (high power)
Initializing Metal device caps: AMD Radeon Pro Vega 20
Initialize mono
Mono path[0] = '/Applications/Unity/Hub/Editor/2020.3.13f1/Unity.app/Contents/Managed'
Mono path[1] = '/Applications/Unity/Hub/Editor/2020.3.13f1/Unity.app/Contents/MonoBleedingEdge/lib/mono/unityjit'
Mono config path = '/Applications/Unity/Hub/Editor/2020.3.13f1/Unity.app/Contents/MonoBleedingEdge/etc'
Using monoOptions --debugger-agent=transport=dt_socket,embedding=1,server=y,suspend=n,address=127.0.0.1:56507
Begin MonoManager ReloadAssembly
Registering precompiled unity dll's ...
Register platform support module: /Applications/Unity/Hub/Editor/2020.3.13f1/Unity.app/Contents/PlaybackEngines/MacStandaloneSupport/UnityEditor.OSXStandalone.Extensions.dll
Registered in 0.001110 seconds.
Native extension for OSXStandalone target not found
Refreshing native plugins compatible for Editor in 210.89 ms, found 3 plugins.
Preloading 0 native plugins for Editor in 0.00 ms.
Mono: successfully reloaded assembly
- Completed reload, in  3.574 seconds
Platform modules already initialized, skipping
Registering precompiled user dll's ...
Registered in 0.006412 seconds.
Begin MonoManager ReloadAssembly
Symbol file LoadedFromMemory doesn't match image /Users/giorgos.petkakis/Documents/GitHub/pacman-unity/Library/PackageCache/com.unity.visualscripting@1.7.2/Editor/VisualScripting.Core/Dependencies/YamlDotNet/Unity.VisualScripting.YamlDotNet.dll
Symbol file LoadedFromMemory doesn't match image /Users/giorgos.petkakis/Documents/GitHub/pacman-unity/Library/PackageCache/com.unity.visualscripting@1.7.2/Editor/VisualScripting.Core/Dependencies/DotNetZip/Unity.VisualScripting.IonicZip.dll
Native extension for OSXStandalone target not found
Refreshing native plugins compatible for Editor in 175.09 ms, found 3 plugins.
Preloading 0 native plugins for Editor in 0.00 ms.
Mono: successfully reloaded assembly
- Completed reload, in  4.152 seconds
Platform modules already initialized, skipping
========================================================================
Worker process is ready to serve import requests
Launching external process: /Applications/Unity/Hub/Editor/2020.3.13f1/Unity.app/Contents/Tools/UnityShaderCompiler
Launched and connected shader compiler UnityShaderCompiler after 0.02 seconds
Refreshing native plugins compatible for Editor in 1.28 ms, found 3 plugins.
Preloading 0 native plugins for Editor in 0.00 ms.
Unloading 3600 Unused Serialized files (Serialized files now loaded: 0)
System memory in use before: 240.0 MB.
System memory in use after: 240.2 MB.

Unloading 36 unused Assets to reduce memory usage. Loaded Objects now: 4018.
Total: 5.184023 ms (FindLiveObjects: 0.872431 ms CreateObjectMapping: 0.639097 ms MarkObjects: 3.549727 ms  DeleteObjects: 0.121032 ms)

AssetImportParameters requested are different than current active one (requested -> active):
  custom:video-decoder-ogg-theora: a1e56fd34408186e4bbccfd4996cb3dc -> 
  custom:container-muxer-webm: aa71ff27fc2769a1b78a27578f13a17b -> 
  custom:container-demuxer-webm: 4f35f7cbe854078d1ac9338744f61a02 -> 
  custom:container-demuxer-ogg: 62fdf1f143b41e24485cea50d1cbac27 -> 
  custom:video-encoder-webm-vp8: eb34c28f22e8b96e1ab97ce403110664 -> 
  custom:framework-osx-AVFoundation: e770b220cccbd017edd2c1fefb359320 -> 
  custom:video-decoder-webm-vp8: 9c59270c3fd7afecdb556c50c9e8de78 -> 
  custom:audio-decoder-ogg-vorbis: bf7c407c2cedff20999df2af8eb42d56 -> 
  custom:audio-encoder-webm-vorbis: bf7c407c2cedff20999df2af8eb42d56 -> 
========================================================================
Received Import Request.
  path: Assets/CanvasDeleteMapMenu.prefab
  artifactKey: Guid(786394ac93a5f944f86ac7b2e50fd473) Importer(815301076,1909f56bfc062723c751e8b465ee728b)
Start importing Assets/CanvasDeleteMapMenu.prefab using Guid(786394ac93a5f944f86ac7b2e50fd473) Importer(815301076,1909f56bfc062723c751e8b465ee728b)  -> (artifact id: '3651f6e714d57f28095f399b08a9851c') in 1.658113 seconds 
  Import took 1.666579 seconds .

========================================================================
Received Import Request.
  Time since last request: 0.000519 seconds.
  path: Assets/CanvasLoadMapMenu.prefab
  artifactKey: Guid(d7bdc1979be90cd44b9a33895eb0bbd2) Importer(815301076,1909f56bfc062723c751e8b465ee728b)
Start importing Assets/CanvasLoadMapMenu.prefab using Guid(d7bdc1979be90cd44b9a33895eb0bbd2) Importer(815301076,1909f56bfc062723c751e8b465ee728b)  -> (artifact id: 'c6e69410ea549664be7edd689132c62d') in 0.009803 seconds 
  Import took 0.020401 seconds .

========================================================================
Received Import Request.
  Time since last request: 0.000365 seconds.
  path: Assets/ButtonLoadMap.prefab
  artifactKey: Guid(363e336a610db75478fdf90d1cf6fbf1) Importer(815301076,1909f56bfc062723c751e8b465ee728b)
Start importing Assets/ButtonLoadMap.prefab using Guid(363e336a610db75478fdf90d1cf6fbf1) Importer(815301076,1909f56bfc062723c751e8b465ee728b)  -> (artifact id: 'c82009fb4787fc94e3d25b1d7ae1e68e') in 0.005821 seconds 
  Import took 0.014727 seconds .

========================================================================
Received Import Request.
  Time since last request: 0.000385 seconds.
  path: Assets/ButtonDeleteMap.prefab
  artifactKey: Guid(dc7e97b605aa46b4faaf3ac6692df843) Importer(815301076,1909f56bfc062723c751e8b465ee728b)
Start importing Assets/ButtonDeleteMap.prefab using Guid(dc7e97b605aa46b4faaf3ac6692df843) Importer(815301076,1909f56bfc062723c751e8b465ee728b)  -> (artifact id: '6336c8d7946a1c7803d966d997618acb') in 0.005787 seconds 
  Import took 0.017548 seconds .

========================================================================
Received Import Request.
  Time since last request: 0.026000 seconds.
  path: Assets/ButtonDeleteMap.prefab
  artifactKey: Guid(dc7e97b605aa46b4faaf3ac6692df843) Importer(815301076,1909f56bfc062723c751e8b465ee728b)
Start importing Assets/ButtonDeleteMap.prefab using Guid(dc7e97b605aa46b4faaf3ac6692df843) Importer(815301076,1909f56bfc062723c751e8b465ee728b)  -> (artifact id: '6336c8d7946a1c7803d966d997618acb') in 0.008962 seconds 
  Import took 0.020543 seconds .

========================================================================
Received Prepare
Registering precompiled user dll's ...
Registered in 0.014299 seconds.
Begin MonoManager ReloadAssembly
Symbol file LoadedFromMemory doesn't match image /Users/giorgos.petkakis/Documents/GitHub/pacman-unity/Library/PackageCache/com.unity.visualscripting@1.7.2/Editor/VisualScripting.Core/Dependencies/YamlDotNet/Unity.VisualScripting.YamlDotNet.dll
Symbol file LoadedFromMemory doesn't match image /Users/giorgos.petkakis/Documents/GitHub/pacman-unity/Library/PackageCache/com.unity.visualscripting@1.7.2/Editor/VisualScripting.Core/Dependencies/DotNetZip/Unity.VisualScripting.IonicZip.dll
Native extension for OSXStandalone target not found
Refreshing native plugins compatible for Editor in 1.59 ms, found 3 plugins.
Preloading 0 native plugins for Editor in 0.00 ms.
Mono: successfully reloaded assembly
- Completed reload, in  2.388 seconds
Platform modules already initialized, skipping
Refreshing native plugins compatible for Editor in 1.16 ms, found 3 plugins.
Preloading 0 native plugins for Editor in 0.00 ms.
Unloading 3593 Unused Serialized files (Serialized files now loaded: 0)
System memory in use before: 244.5 MB.
System memory in use after: 244.7 MB.

Unloading 31 unused Assets to reduce memory usage. Loaded Objects now: 4022.
Total: 4.484336 ms (FindLiveObjects: 0.483972 ms CreateObjectMapping: 0.242763 ms MarkObjects: 3.682463 ms  DeleteObjects: 0.073025 ms)

AssetImportParameters requested are different than current active one (requested -> active):
  custom:video-decoder-ogg-theora: a1e56fd34408186e4bbccfd4996cb3dc -> 
  custom:container-muxer-webm: aa71ff27fc2769a1b78a27578f13a17b -> 
  custom:container-demuxer-webm: 4f35f7cbe854078d1ac9338744f61a02 -> 
  custom:container-demuxer-ogg: 62fdf1f143b41e24485cea50d1cbac27 -> 
  custom:video-encoder-webm-vp8: eb34c28f22e8b96e1ab97ce403110664 -> 
  custom:framework-osx-AVFoundation: e770b220cccbd017edd2c1fefb359320 -> 
  custom:video-decoder-webm-vp8: 9c59270c3fd7afecdb556c50c9e8de78 -> 
  custom:audio-decoder-ogg-vorbis: bf7c407c2cedff20999df2af8eb42d56 -> 
  custom:audio-encoder-webm-vorbis: bf7c407c2cedff20999df2af8eb42d56 -> 
